  Course_project.cpp
  The contents of <filesystem> are available only with C++17 or later.
C:\Users\User\Desktop\Практические\Технологии\!COURSE PROJECT\Course_project\Course_project\Course_project.cpp(570,29): warning C4267: 'argument': conversion from 'size_t' to 'short', possible loss of data
C:\Users\User\Desktop\Практические\Технологии\!COURSE PROJECT\Course_project\Course_project\Course_project.cpp(1155,33): warning C4267: 'argument': conversion from 'size_t' to 'short', possible loss of data
C:\Users\User\Desktop\Практические\Технологии\!COURSE PROJECT\Course_project\Course_project\Course_project.cpp(1223,35): warning C4267: 'argument': conversion from 'size_t' to 'short', possible loss of data
C:\Users\User\Desktop\Практические\Технологии\!COURSE PROJECT\Course_project\Course_project\Course_project.cpp(1627,31): warning C4267: 'argument': conversion from 'size_t' to 'short', possible loss of data
C:\Users\User\Desktop\Практические\Технологии\!COURSE PROJECT\Course_project\Course_project\Course_project.cpp(1666,25): warning C4244: '+=': conversion from 'float' to 'int', possible loss of data
C:\Users\User\Desktop\Практические\Технологии\!COURSE PROJECT\Course_project\Course_project\Course_project.cpp(1826,32): warning C4267: 'argument': conversion from 'size_t' to 'short', possible loss of data
C:\Users\User\Desktop\Практические\Технологии\!COURSE PROJECT\Course_project\Course_project\Course_project.cpp(1863,25): warning C4244: '+=': conversion from 'float' to 'int', possible loss of data
C:\Users\User\Desktop\Практические\Технологии\!COURSE PROJECT\Course_project\Course_project\Course_project.cpp(2237,21): warning C4244: '=': conversion from 'float' to 'int', possible loss of data
C:\Users\User\Desktop\Практические\Технологии\!COURSE PROJECT\Course_project\Course_project\Course_project.cpp(2249,7): warning C4101: 'item': unreferenced local variable
C:\Users\User\Desktop\Практические\Технологии\!COURSE PROJECT\Course_project\Course_project\Course_project.cpp(2490,33): warning C4267: 'argument': conversion from 'size_t' to 'short', possible loss of data
C:\Users\User\Desktop\Практические\Технологии\!COURSE PROJECT\Course_project\Course_project\Course_project.cpp(2639,22): warning C4244: 'argument': conversion from 'float' to 'int', possible loss of data
C:\Users\User\Desktop\Практические\Технологии\!COURSE PROJECT\Course_project\Course_project\Course_project.cpp(2657,22): warning C4244: 'argument': conversion from 'float' to 'int', possible loss of data
C:\Users\User\Desktop\Практические\Технологии\!COURSE PROJECT\Course_project\Course_project\Course_project.cpp(2674,22): warning C4244: 'argument': conversion from 'float' to 'int', possible loss of data
C:\Users\User\Desktop\Практические\Технологии\!COURSE PROJECT\Course_project\Course_project\Course_project.cpp(2811,20): warning C4305: '=': truncation from 'double' to 'float'
C:\Users\User\Desktop\Практические\Технологии\!COURSE PROJECT\Course_project\Course_project\Course_project.cpp(999): warning C4715: 'get_result': not all control paths return a value
C:\Users\User\Desktop\Практические\Технологии\!COURSE PROJECT\Course_project\Course_project\Course_project.cpp(1611): warning C4715: 'request_2_complete_date': not all control paths return a value
C:\Users\User\Desktop\Практические\Технологии\!COURSE PROJECT\Course_project\Course_project\Course_project.cpp(1780): warning C4715: 'request_3_complete_place': not all control paths return a value
  Course_project.vcxproj -> C:\Users\User\Desktop\Практические\Технологии\!COURSE PROJECT\Course_project\Debug\Course_project.exe
